<?xml version="1.0" encoding="UTF-8"?>
<!-- Generated by org.testng.reporters.JUnitReportReporter -->
<testsuite hostname="LAPTOP-FDQ9A1EA" failures="0" tests="1" name="test.Fblogintest" time="7.359" errors="0" timestamp="2023-11-29T11:35:24 IST" skipped="0">
  <testcase classname="test.Fblogintest" name="testlogin" time="7.359"/>
  <system-out/>
</testsuite> <!-- test.Fblogintest -->
