<?xml version="1.0" encoding="UTF-8"?>
<!-- Generated by org.testng.reporters.JUnitReportReporter -->
<testsuite hostname="LAPTOP-FDQ9A1EA" failures="0" tests="1" name="testngpkg.Screeenshotpgm" time="7.776" errors="0" timestamp="2023-11-21T12:08:24 IST" skipped="0">
  <testcase classname="testngpkg.Screeenshotpgm" name="test" time="7.776"/>
  <system-out/>
</testsuite> <!-- testngpkg.Screeenshotpgm -->
