<?xml version="1.0" encoding="UTF-8"?>
<!-- Generated by org.testng.reporters.JUnitReportReporter -->
<testsuite hostname="LAPTOP-FDQ9A1EA" failures="0" tests="1" name="testngpkg.Fileuploadrobot" time="6.326" errors="0" timestamp="2023-11-17T12:43:38 IST" skipped="0">
  <testcase classname="testngpkg.Fileuploadrobot" name="fileuploadpgm" time="6.326"/>
  <system-out/>
</testsuite> <!-- testngpkg.Fileuploadrobot -->
