<?xml version="1.0" encoding="UTF-8"?>
<!-- Generated by org.testng.reporters.JUnitReportReporter -->
<testsuite hostname="LAPTOP-FDQ9A1EA" failures="0" tests="2" name="testngpkg.Groupingpgm" time="0.074" errors="0" timestamp="2023-11-13T11:50:12 IST" skipped="0">
  <testcase classname="testngpkg.Groupingpgm" name="test4" time="0.055"/>
  <system-out/>
  <testcase classname="testngpkg.Groupingpgm" name="test5" time="0.019"/>
  <system-out/>
</testsuite> <!-- testngpkg.Groupingpgm -->
