<?xml version="1.0" encoding="UTF-8"?>
<!-- Generated by org.testng.reporters.JUnitReportReporter -->
<testsuite hostname="LAPTOP-FDQ9A1EA" failures="0" tests="1" name="testngpkg.Demopgm" time="5.894" errors="0" timestamp="2023-11-21T11:38:35 IST" skipped="0">
  <testcase classname="testngpkg.Demopgm" name="demotest" time="5.894"/>
  <system-out/>
</testsuite> <!-- testngpkg.Demopgm -->
