<?xml version="1.0" encoding="UTF-8"?>
<!-- Generated by org.testng.reporters.JUnitReportReporter -->
<testsuite hostname="LAPTOP-FDQ9A1EA" failures="0" tests="2" name="testngpkg.Testngdemo" time="37.637" errors="0" timestamp="2023-11-10T12:51:12 IST" skipped="0">
  <testcase classname="testngpkg.Testngdemo" name="test2" time="14.154"/>
  <system-out/>
  <testcase classname="testngpkg.Testngdemo" name="test1" time="23.483"/>
  <system-out/>
</testsuite> <!-- testngpkg.Testngdemo -->
