<?xml version="1.0" encoding="UTF-8"?>
<!-- Generated by org.testng.reporters.JUnitReportReporter -->
<testsuite hostname="LAPTOP-FDQ9A1EA" failures="0" tests="1" name="testngpkg.Draganddrop" time="4.443" errors="0" timestamp="2023-11-15T10:17:55 IST" skipped="0">
  <testcase classname="testngpkg.Draganddrop" name="dragdroptest" time="4.443"/>
  <system-out/>
</testsuite> <!-- testngpkg.Draganddrop -->
