<?xml version="1.0" encoding="UTF-8"?>
<!-- Generated by org.testng.reporters.JUnitReportReporter -->
<testsuite hostname="LAPTOP-FDQ9A1EA" failures="0" tests="1" name="testngpkg.Ebaypgm" time="8.078" errors="0" timestamp="2023-11-16T10:19:19 IST" skipped="0">
  <testcase classname="testngpkg.Ebaypgm" name="movetest" time="8.078"/>
  <system-out/>
</testsuite> <!-- testngpkg.Ebaypgm -->
