<?xml version="1.0" encoding="UTF-8"?>
<!-- Generated by org.testng.reporters.JUnitReportReporter -->
<testsuite hostname="LAPTOP-FDQ9A1EA" failures="0" tests="1" name="testngpkg.Redifflogo" time="0.138" errors="0" timestamp="2023-11-14T09:40:55 IST" skipped="0">
  <testcase classname="testngpkg.Redifflogo" name="logotest" time="0.138"/>
  <system-out/>
</testsuite> <!-- testngpkg.Redifflogo -->
