<?xml version="1.0" encoding="UTF-8"?>
<!-- Generated by org.testng.reporters.JUnitReportReporter -->
<testsuite hostname="LAPTOP-FDQ9A1EA" failures="0" tests="1" name="testngpkg.Copypastepgm" time="1.469" errors="0" timestamp="2023-11-14T11:54:56 IST" skipped="0">
  <testcase classname="testngpkg.Copypastepgm" name="logotest" time="1.469"/>
  <system-out/>
</testsuite> <!-- testngpkg.Copypastepgm -->
