<?xml version="1.0" encoding="UTF-8"?>
<!-- Generated by org.testng.reporters.JUnitReportReporter -->
<testsuite hostname="LAPTOP-FDQ9A1EA" failures="0" tests="1" name="testngpkg.Fileupload" time="0.649" errors="0" timestamp="2023-11-17T12:39:57 IST" skipped="0">
  <testcase classname="testngpkg.Fileupload" name="uploadtest" time="0.649"/>
  <system-out/>
</testsuite> <!-- testngpkg.Fileupload -->
