<?xml version="1.0" encoding="UTF-8"?>
<!-- Generated by org.testng.reporters.JUnitReportReporter -->
<testsuite hostname="LAPTOP-FDQ9A1EA" failures="0" tests="1" name="testngpkg.Fileuploadauto" time="45.473" errors="0" timestamp="2023-11-20T12:14:32 IST" skipped="0">
  <testcase classname="testngpkg.Fileuploadauto" name="main" time="45.473"/>
  <system-out/>
</testsuite> <!-- testngpkg.Fileuploadauto -->
