<?xml version="1.0" encoding="UTF-8"?>
<!-- Generated by org.testng.reporters.JUnitReportReporter -->
<testsuite hostname="LAPTOP-FDQ9A1EA" failures="0" tests="1" name="testngpkg.Facebookpgm" time="11.336" errors="0" timestamp="2023-11-14T09:21:21 IST" skipped="0">
  <testcase classname="testngpkg.Facebookpgm" name="fbtest" time="11.336"/>
  <system-out/>
</testsuite> <!-- testngpkg.Facebookpgm -->
