<?xml version="1.0" encoding="UTF-8"?>
<!-- Generated by org.testng.reporters.JUnitReportReporter -->
<testsuite hostname="LAPTOP-FDQ9A1EA" failures="0" tests="1" name="testngpkg.Datadriventest" time="96.896" errors="0" timestamp="2023-11-22T12:17:39 IST" skipped="0">
  <testcase classname="testngpkg.Datadriventest" name="test" time="96.896"/>
  <system-out/>
</testsuite> <!-- testngpkg.Datadriventest -->
