<?xml version="1.0" encoding="UTF-8"?>
<!-- Generated by org.testng.reporters.JUnitReportReporter -->
<testsuite hostname="LAPTOP-FDQ9A1EA" failures="0" tests="3" name="testngpkg.Crossbrowsertesting" time="65.705" errors="0" timestamp="2023-11-15T12:59:36 IST" skipped="0">
  <testcase classname="testngpkg.Crossbrowsertesting" name="test" time="32.116"/>
  <system-out/>
  <testcase classname="testngpkg.Crossbrowsertesting" name="test" time="9.945"/>
  <system-out/>
  <testcase classname="testngpkg.Crossbrowsertesting" name="test" time="23.644"/>
  <system-out/>
</testsuite> <!-- testngpkg.Crossbrowsertesting -->
