<?xml version="1.0" encoding="UTF-8"?>
<!-- Generated by org.testng.reporters.JUnitReportReporter -->
<testsuite hostname="LAPTOP-FDQ9A1EA" failures="0" tests="1" name="testngpkg.Multiplewindowhandlepgm" time="9.073" errors="0" timestamp="2023-11-23T12:04:27 IST" skipped="0">
  <testcase classname="testngpkg.Multiplewindowhandlepgm" name="test" time="9.073"/>
  <system-out/>
</testsuite> <!-- testngpkg.Multiplewindowhandlepgm -->
