<?xml version="1.0" encoding="UTF-8"?>
<!-- Generated by org.testng.reporters.JUnitReportReporter -->
<testsuite hostname="LAPTOP-FDQ9A1EA" failures="0" tests="1" name="testngpkg.Datepickerpgm" time="49.542" errors="0" timestamp="2023-11-30T21:23:22 IST" skipped="0">
  <testcase classname="testngpkg.Datepickerpgm" name="datepickertest" time="49.542"/>
  <system-out/>
</testsuite> <!-- testngpkg.Datepickerpgm -->
