<?xml version="1.0" encoding="UTF-8"?>
<!-- Generated by org.testng.reporters.JUnitReportReporter -->
<testsuite hostname="LAPTOP-FDQ9A1EA" failures="0" tests="1" name="testngpkg.Justdialpgm" time="78.439" errors="0" timestamp="2023-11-21T12:45:38 IST" skipped="0">
  <testcase classname="testngpkg.Justdialpgm" name="test" time="78.439"/>
  <system-out/>
</testsuite> <!-- testngpkg.Justdialpgm -->
